<?xml version="1.0" encoding="UTF-8"?>
<testsuite name="InfectedTest" tests="2" skipped="0" failures="0" errors="0" timestamp="2022-10-08T11:56:55" hostname="REDDE" time="0.001">
  <properties/>
  <testcase name="rtGoingDownTest" classname="InfectedTest" time="0.001"/>
  <testcase name="rtGoingUpTest" classname="InfectedTest" time="0.0"/>
  <system-out><![CDATA[]]></system-out>
  <system-err><![CDATA[]]></system-err>
</testsuite>
