<?xml version="1.0" encoding="UTF-8"?>
<testsuite name="CarTest" tests="2" skipped="0" failures="0" errors="0" timestamp="2022-10-08T12:05:44" hostname="REDDE" time="0.001">
  <properties/>
  <testcase name="testSolution" classname="CarTest" time="0.001"/>
  <testcase name="myTestCar" classname="CarTest" time="0.0"/>
  <system-out><![CDATA[]]></system-out>
  <system-err><![CDATA[]]></system-err>
</testsuite>
