<?xml version="1.0" encoding="UTF-8"?>
<testsuite name="StudentTest" tests="3" skipped="0" failures="0" errors="0" timestamp="2022-10-08T11:52:33" hostname="REDDE" time="0.001">
  <properties/>
  <testcase name="newStudentTest" classname="StudentTest" time="0.001"/>
  <testcase name="twoExamTest" classname="StudentTest" time="0.0"/>
  <testcase name="oneExamTest" classname="StudentTest" time="0.0"/>
  <system-out><![CDATA[]]></system-out>
  <system-err><![CDATA[]]></system-err>
</testsuite>
