<?xml version="1.0" encoding="UTF-8"?>
<testsuite name="InputCheckerTest" tests="3" skipped="0" failures="0" errors="0" timestamp="2022-10-08T12:34:35" hostname="REDDE" time="0.001">
  <properties/>
  <testcase name="OKTest" classname="InputCheckerTest" time="0.001"/>
  <testcase name="FineTest" classname="InputCheckerTest" time="0.0"/>
  <testcase name="AltroTest" classname="InputCheckerTest" time="0.0"/>
  <system-out><![CDATA[]]></system-out>
  <system-err><![CDATA[]]></system-err>
</testsuite>
